2014-09-01 09:53:19,801 - Log4JLogChute initialized using file 'velocity.log'
2014-09-01 09:53:19,802 - Starting Apache Velocity v1.5 (compiled: 2007-02-22 08:52:29)
2014-09-01 09:53:19,802 - Default Properties File: org\apache\velocity\runtime\defaults\velocity.properties
2014-09-01 09:53:19,802 - Trying to use logger class org.apache.velocity.runtime.log.AvalonLogChute
2014-09-01 09:53:19,804 - Couldn't find class org.apache.velocity.runtime.log.AvalonLogChute or necessary supporting classes in classpath.
java.lang.NoClassDefFoundError: org/apache/log/format/Formatter
	at java.lang.Class.forName0(Native Method)
	at java.lang.Class.forName(Class.java:266)
	at org.apache.velocity.util.ClassUtils.getClass(ClassUtils.java:63)
	at org.apache.velocity.util.ClassUtils.getNewInstance(ClassUtils.java:95)
	at org.apache.velocity.runtime.log.LogManager.createLogChute(LogManager.java:147)
	at org.apache.velocity.runtime.log.LogManager.updateLog(LogManager.java:208)
	at org.apache.velocity.runtime.RuntimeInstance.initializeLog(RuntimeInstance.java:728)
	at org.apache.velocity.runtime.RuntimeInstance.init(RuntimeInstance.java:240)
	at org.apache.velocity.runtime.RuntimeSingleton.init(RuntimeSingleton.java:113)
	at org.apache.velocity.app.Velocity.init(Velocity.java:83)
	at com.taobao.zeus.jobs.RenderHierarchyProperties.<clinit>(RenderHierarchyProperties.java:28)
Caused by: java.lang.ClassNotFoundException: org.apache.log.format.Formatter
	at java.net.URLClassLoader$1.run(URLClassLoader.java:366)
	at java.net.URLClassLoader$1.run(URLClassLoader.java:355)
	at java.security.AccessController.doPrivileged(Native Method)
	at java.net.URLClassLoader.findClass(URLClassLoader.java:354)
	at java.lang.ClassLoader.loadClass(ClassLoader.java:423)
	at sun.misc.Launcher$AppClassLoader.loadClass(Launcher.java:308)
	at java.lang.ClassLoader.loadClass(ClassLoader.java:356)
	... 11 more
2014-09-01 09:53:19,832 - Trying to use logger class org.apache.velocity.runtime.log.Log4JLogChute
2014-09-01 09:53:19,832 - Using logger class org.apache.velocity.runtime.log.Log4JLogChute
2014-09-01 09:53:19,835 - Default ResourceManager initializing. (class org.apache.velocity.runtime.resource.ResourceManagerImpl)
2014-09-01 09:53:19,842 - ResourceLoader instantiated: org.apache.velocity.runtime.resource.loader.FileResourceLoader
2014-09-01 09:53:19,844 - Do unicode file recognition:  false
2014-09-01 09:53:19,844 - FileResourceLoader : adding path '.'
2014-09-01 09:53:19,862 - ResourceCache: initialized (class org.apache.velocity.runtime.resource.ResourceCacheImpl)
2014-09-01 09:53:19,864 - Loaded System Directive: org.apache.velocity.runtime.directive.Literal
2014-09-01 09:53:19,865 - Loaded System Directive: org.apache.velocity.runtime.directive.Macro
2014-09-01 09:53:19,866 - Loaded System Directive: org.apache.velocity.runtime.directive.Parse
2014-09-01 09:53:19,867 - Loaded System Directive: org.apache.velocity.runtime.directive.Include
2014-09-01 09:53:19,868 - Loaded System Directive: org.apache.velocity.runtime.directive.Foreach
2014-09-01 09:53:19,889 - Created '20' parsers.
2014-09-01 09:53:19,895 - Velocimacro : "velocimacro.library" is not set.  Trying default library: VM_global_library.vm
2014-09-01 09:53:19,896 - Velocimacro : Default library not found.
2014-09-01 09:53:19,896 - Velocimacro : allowInline = true : VMs can be defined inline in templates
2014-09-01 09:53:19,896 - Velocimacro : allowInlineToOverride = false : VMs defined inline may NOT replace previous VM definitions
2014-09-01 09:53:19,896 - Velocimacro : allowInlineLocal = false : VMs defined inline will be global in scope if allowed.
2014-09-01 09:53:19,896 - Velocimacro : autoload off : VM system will not automatically reload global library macros
2014-09-18 09:43:48,303 - Log4JLogChute initialized using file 'velocity.log'
2014-09-18 09:43:48,303 - Starting Apache Velocity v1.5 (compiled: 2007-02-22 08:52:29)
2014-09-18 09:43:48,303 - Default Properties File: org\apache\velocity\runtime\defaults\velocity.properties
2014-09-18 09:43:48,303 - Trying to use logger class org.apache.velocity.runtime.log.AvalonLogChute
2014-09-18 09:43:48,304 - Couldn't find class org.apache.velocity.runtime.log.AvalonLogChute or necessary supporting classes in classpath.
java.lang.NoClassDefFoundError: org/apache/log/format/Formatter
	at java.lang.Class.forName0(Native Method)
	at java.lang.Class.forName(Class.java:266)
	at org.apache.velocity.util.ClassUtils.getClass(ClassUtils.java:63)
	at org.apache.velocity.util.ClassUtils.getNewInstance(ClassUtils.java:95)
	at org.apache.velocity.runtime.log.LogManager.createLogChute(LogManager.java:147)
	at org.apache.velocity.runtime.log.LogManager.updateLog(LogManager.java:208)
	at org.apache.velocity.runtime.RuntimeInstance.initializeLog(RuntimeInstance.java:728)
	at org.apache.velocity.runtime.RuntimeInstance.init(RuntimeInstance.java:240)
	at org.apache.velocity.runtime.RuntimeSingleton.init(RuntimeSingleton.java:113)
	at org.apache.velocity.app.Velocity.init(Velocity.java:83)
	at com.taobao.zeus.jobs.RenderHierarchyProperties.<clinit>(RenderHierarchyProperties.java:29)
Caused by: java.lang.ClassNotFoundException: org.apache.log.format.Formatter
	at java.net.URLClassLoader$1.run(URLClassLoader.java:366)
	at java.net.URLClassLoader$1.run(URLClassLoader.java:355)
	at java.security.AccessController.doPrivileged(Native Method)
	at java.net.URLClassLoader.findClass(URLClassLoader.java:354)
	at java.lang.ClassLoader.loadClass(ClassLoader.java:423)
	at sun.misc.Launcher$AppClassLoader.loadClass(Launcher.java:308)
	at java.lang.ClassLoader.loadClass(ClassLoader.java:356)
	... 11 more
2014-09-18 09:43:48,306 - Trying to use logger class org.apache.velocity.runtime.log.Log4JLogChute
2014-09-18 09:43:48,306 - Using logger class org.apache.velocity.runtime.log.Log4JLogChute
2014-09-18 09:43:48,308 - Default ResourceManager initializing. (class org.apache.velocity.runtime.resource.ResourceManagerImpl)
2014-09-18 09:43:48,311 - ResourceLoader instantiated: org.apache.velocity.runtime.resource.loader.FileResourceLoader
2014-09-18 09:43:48,312 - Do unicode file recognition:  false
2014-09-18 09:43:48,312 - FileResourceLoader : adding path '.'
2014-09-18 09:43:48,327 - ResourceCache: initialized (class org.apache.velocity.runtime.resource.ResourceCacheImpl)
2014-09-18 09:43:48,328 - Loaded System Directive: org.apache.velocity.runtime.directive.Literal
2014-09-18 09:43:48,329 - Loaded System Directive: org.apache.velocity.runtime.directive.Macro
2014-09-18 09:43:48,330 - Loaded System Directive: org.apache.velocity.runtime.directive.Parse
2014-09-18 09:43:48,332 - Loaded System Directive: org.apache.velocity.runtime.directive.Include
2014-09-18 09:43:48,332 - Loaded System Directive: org.apache.velocity.runtime.directive.Foreach
2014-09-18 09:43:48,353 - Created '20' parsers.
2014-09-18 09:43:48,359 - Velocimacro : "velocimacro.library" is not set.  Trying default library: VM_global_library.vm
2014-09-18 09:43:48,359 - Velocimacro : Default library not found.
2014-09-18 09:43:48,359 - Velocimacro : allowInline = true : VMs can be defined inline in templates
2014-09-18 09:43:48,360 - Velocimacro : allowInlineToOverride = false : VMs defined inline may NOT replace previous VM definitions
2014-09-18 09:43:48,360 - Velocimacro : allowInlineLocal = false : VMs defined inline will be global in scope if allowed.
2014-09-18 09:43:48,360 - Velocimacro : autoload off : VM system will not automatically reload global library macros
2014-09-18 09:44:46,093 - Log4JLogChute initialized using file 'velocity.log'
2014-09-18 09:44:46,094 - Starting Apache Velocity v1.5 (compiled: 2007-02-22 08:52:29)
2014-09-18 09:44:46,094 - Default Properties File: org\apache\velocity\runtime\defaults\velocity.properties
2014-09-18 09:44:46,094 - Trying to use logger class org.apache.velocity.runtime.log.AvalonLogChute
2014-09-18 09:44:46,094 - Couldn't find class org.apache.velocity.runtime.log.AvalonLogChute or necessary supporting classes in classpath.
java.lang.NoClassDefFoundError: org/apache/log/format/Formatter
	at java.lang.Class.forName0(Native Method)
	at java.lang.Class.forName(Class.java:266)
	at org.apache.velocity.util.ClassUtils.getClass(ClassUtils.java:63)
	at org.apache.velocity.util.ClassUtils.getNewInstance(ClassUtils.java:95)
	at org.apache.velocity.runtime.log.LogManager.createLogChute(LogManager.java:147)
	at org.apache.velocity.runtime.log.LogManager.updateLog(LogManager.java:208)
	at org.apache.velocity.runtime.RuntimeInstance.initializeLog(RuntimeInstance.java:728)
	at org.apache.velocity.runtime.RuntimeInstance.init(RuntimeInstance.java:240)
	at org.apache.velocity.runtime.RuntimeSingleton.init(RuntimeSingleton.java:113)
	at org.apache.velocity.app.Velocity.init(Velocity.java:83)
	at com.taobao.zeus.jobs.RenderHierarchyProperties.<clinit>(RenderHierarchyProperties.java:29)
Caused by: java.lang.ClassNotFoundException: org.apache.log.format.Formatter
	at java.net.URLClassLoader$1.run(URLClassLoader.java:366)
	at java.net.URLClassLoader$1.run(URLClassLoader.java:355)
	at java.security.AccessController.doPrivileged(Native Method)
	at java.net.URLClassLoader.findClass(URLClassLoader.java:354)
	at java.lang.ClassLoader.loadClass(ClassLoader.java:423)
	at sun.misc.Launcher$AppClassLoader.loadClass(Launcher.java:308)
	at java.lang.ClassLoader.loadClass(ClassLoader.java:356)
	... 11 more
2014-09-18 09:44:46,097 - Trying to use logger class org.apache.velocity.runtime.log.Log4JLogChute
2014-09-18 09:44:46,097 - Using logger class org.apache.velocity.runtime.log.Log4JLogChute
2014-09-18 09:44:46,098 - Default ResourceManager initializing. (class org.apache.velocity.runtime.resource.ResourceManagerImpl)
2014-09-18 09:44:46,102 - ResourceLoader instantiated: org.apache.velocity.runtime.resource.loader.FileResourceLoader
2014-09-18 09:44:46,103 - Do unicode file recognition:  false
2014-09-18 09:44:46,103 - FileResourceLoader : adding path '.'
2014-09-18 09:44:46,117 - ResourceCache: initialized (class org.apache.velocity.runtime.resource.ResourceCacheImpl)
2014-09-18 09:44:46,118 - Loaded System Directive: org.apache.velocity.runtime.directive.Literal
2014-09-18 09:44:46,119 - Loaded System Directive: org.apache.velocity.runtime.directive.Macro
2014-09-18 09:44:46,120 - Loaded System Directive: org.apache.velocity.runtime.directive.Parse
2014-09-18 09:44:46,121 - Loaded System Directive: org.apache.velocity.runtime.directive.Include
2014-09-18 09:44:46,122 - Loaded System Directive: org.apache.velocity.runtime.directive.Foreach
2014-09-18 09:44:46,142 - Created '20' parsers.
2014-09-18 09:44:46,148 - Velocimacro : "velocimacro.library" is not set.  Trying default library: VM_global_library.vm
2014-09-18 09:44:46,148 - Velocimacro : Default library not found.
2014-09-18 09:44:46,149 - Velocimacro : allowInline = true : VMs can be defined inline in templates
2014-09-18 09:44:46,149 - Velocimacro : allowInlineToOverride = false : VMs defined inline may NOT replace previous VM definitions
2014-09-18 09:44:46,149 - Velocimacro : allowInlineLocal = false : VMs defined inline will be global in scope if allowed.
2014-09-18 09:44:46,149 - Velocimacro : autoload off : VM system will not automatically reload global library macros
2014-09-18 09:44:46,172 - Null reference [template '', line 1, column 74] : ${yesterday} cannot be resolved.
2014-09-18 09:45:01,860 - Log4JLogChute initialized using file 'velocity.log'
2014-09-18 09:45:01,861 - Starting Apache Velocity v1.5 (compiled: 2007-02-22 08:52:29)
2014-09-18 09:45:01,861 - Default Properties File: org\apache\velocity\runtime\defaults\velocity.properties
2014-09-18 09:45:01,861 - Trying to use logger class org.apache.velocity.runtime.log.AvalonLogChute
2014-09-18 09:45:01,862 - Couldn't find class org.apache.velocity.runtime.log.AvalonLogChute or necessary supporting classes in classpath.
java.lang.NoClassDefFoundError: org/apache/log/format/Formatter
	at java.lang.Class.forName0(Native Method)
	at java.lang.Class.forName(Class.java:266)
	at org.apache.velocity.util.ClassUtils.getClass(ClassUtils.java:63)
	at org.apache.velocity.util.ClassUtils.getNewInstance(ClassUtils.java:95)
	at org.apache.velocity.runtime.log.LogManager.createLogChute(LogManager.java:147)
	at org.apache.velocity.runtime.log.LogManager.updateLog(LogManager.java:208)
	at org.apache.velocity.runtime.RuntimeInstance.initializeLog(RuntimeInstance.java:728)
	at org.apache.velocity.runtime.RuntimeInstance.init(RuntimeInstance.java:240)
	at org.apache.velocity.runtime.RuntimeSingleton.init(RuntimeSingleton.java:113)
	at org.apache.velocity.app.Velocity.init(Velocity.java:83)
	at com.taobao.zeus.jobs.RenderHierarchyProperties.<clinit>(RenderHierarchyProperties.java:29)
Caused by: java.lang.ClassNotFoundException: org.apache.log.format.Formatter
	at java.net.URLClassLoader$1.run(URLClassLoader.java:366)
	at java.net.URLClassLoader$1.run(URLClassLoader.java:355)
	at java.security.AccessController.doPrivileged(Native Method)
	at java.net.URLClassLoader.findClass(URLClassLoader.java:354)
	at java.lang.ClassLoader.loadClass(ClassLoader.java:423)
	at sun.misc.Launcher$AppClassLoader.loadClass(Launcher.java:308)
	at java.lang.ClassLoader.loadClass(ClassLoader.java:356)
	... 11 more
2014-09-18 09:45:01,865 - Trying to use logger class org.apache.velocity.runtime.log.Log4JLogChute
2014-09-18 09:45:01,865 - Using logger class org.apache.velocity.runtime.log.Log4JLogChute
2014-09-18 09:45:01,867 - Default ResourceManager initializing. (class org.apache.velocity.runtime.resource.ResourceManagerImpl)
2014-09-18 09:45:01,870 - ResourceLoader instantiated: org.apache.velocity.runtime.resource.loader.FileResourceLoader
2014-09-18 09:45:01,871 - Do unicode file recognition:  false
2014-09-18 09:45:01,872 - FileResourceLoader : adding path '.'
2014-09-18 09:45:01,886 - ResourceCache: initialized (class org.apache.velocity.runtime.resource.ResourceCacheImpl)
2014-09-18 09:45:01,887 - Loaded System Directive: org.apache.velocity.runtime.directive.Literal
2014-09-18 09:45:01,889 - Loaded System Directive: org.apache.velocity.runtime.directive.Macro
2014-09-18 09:45:01,890 - Loaded System Directive: org.apache.velocity.runtime.directive.Parse
2014-09-18 09:45:01,891 - Loaded System Directive: org.apache.velocity.runtime.directive.Include
2014-09-18 09:45:01,892 - Loaded System Directive: org.apache.velocity.runtime.directive.Foreach
2014-09-18 09:45:01,912 - Created '20' parsers.
2014-09-18 09:45:01,919 - Velocimacro : "velocimacro.library" is not set.  Trying default library: VM_global_library.vm
2014-09-18 09:45:01,919 - Velocimacro : Default library not found.
2014-09-18 09:45:01,919 - Velocimacro : allowInline = true : VMs can be defined inline in templates
2014-09-18 09:45:01,919 - Velocimacro : allowInlineToOverride = false : VMs defined inline may NOT replace previous VM definitions
2014-09-18 09:45:01,919 - Velocimacro : allowInlineLocal = false : VMs defined inline will be global in scope if allowed.
2014-09-18 09:45:01,919 - Velocimacro : autoload off : VM system will not automatically reload global library macros
2014-09-18 09:45:01,948 - Null reference [template '', line 1, column 74] : ${yesterday} cannot be resolved.
2014-09-18 09:46:48,520 - Log4JLogChute initialized using file 'velocity.log'
2014-09-18 09:46:48,520 - Starting Apache Velocity v1.5 (compiled: 2007-02-22 08:52:29)
2014-09-18 09:46:48,520 - Default Properties File: org\apache\velocity\runtime\defaults\velocity.properties
2014-09-18 09:46:48,521 - Trying to use logger class org.apache.velocity.runtime.log.AvalonLogChute
2014-09-18 09:46:48,521 - Couldn't find class org.apache.velocity.runtime.log.AvalonLogChute or necessary supporting classes in classpath.
java.lang.NoClassDefFoundError: org/apache/log/format/Formatter
	at java.lang.Class.forName0(Native Method)
	at java.lang.Class.forName(Class.java:266)
	at org.apache.velocity.util.ClassUtils.getClass(ClassUtils.java:63)
	at org.apache.velocity.util.ClassUtils.getNewInstance(ClassUtils.java:95)
	at org.apache.velocity.runtime.log.LogManager.createLogChute(LogManager.java:147)
	at org.apache.velocity.runtime.log.LogManager.updateLog(LogManager.java:208)
	at org.apache.velocity.runtime.RuntimeInstance.initializeLog(RuntimeInstance.java:728)
	at org.apache.velocity.runtime.RuntimeInstance.init(RuntimeInstance.java:240)
	at org.apache.velocity.runtime.RuntimeSingleton.init(RuntimeSingleton.java:113)
	at org.apache.velocity.app.Velocity.init(Velocity.java:83)
	at com.taobao.zeus.jobs.RenderHierarchyProperties.<clinit>(RenderHierarchyProperties.java:29)
Caused by: java.lang.ClassNotFoundException: org.apache.log.format.Formatter
	at java.net.URLClassLoader$1.run(URLClassLoader.java:366)
	at java.net.URLClassLoader$1.run(URLClassLoader.java:355)
	at java.security.AccessController.doPrivileged(Native Method)
	at java.net.URLClassLoader.findClass(URLClassLoader.java:354)
	at java.lang.ClassLoader.loadClass(ClassLoader.java:423)
	at sun.misc.Launcher$AppClassLoader.loadClass(Launcher.java:308)
	at java.lang.ClassLoader.loadClass(ClassLoader.java:356)
	... 11 more
2014-09-18 09:46:48,523 - Trying to use logger class org.apache.velocity.runtime.log.Log4JLogChute
2014-09-18 09:46:48,524 - Using logger class org.apache.velocity.runtime.log.Log4JLogChute
2014-09-18 09:46:48,525 - Default ResourceManager initializing. (class org.apache.velocity.runtime.resource.ResourceManagerImpl)
2014-09-18 09:46:48,528 - ResourceLoader instantiated: org.apache.velocity.runtime.resource.loader.FileResourceLoader
2014-09-18 09:46:48,529 - Do unicode file recognition:  false
2014-09-18 09:46:48,529 - FileResourceLoader : adding path '.'
2014-09-18 09:46:48,543 - ResourceCache: initialized (class org.apache.velocity.runtime.resource.ResourceCacheImpl)
2014-09-18 09:46:48,544 - Loaded System Directive: org.apache.velocity.runtime.directive.Literal
2014-09-18 09:46:48,545 - Loaded System Directive: org.apache.velocity.runtime.directive.Macro
2014-09-18 09:46:48,546 - Loaded System Directive: org.apache.velocity.runtime.directive.Parse
2014-09-18 09:46:48,547 - Loaded System Directive: org.apache.velocity.runtime.directive.Include
2014-09-18 09:46:48,548 - Loaded System Directive: org.apache.velocity.runtime.directive.Foreach
2014-09-18 09:46:48,567 - Created '20' parsers.
2014-09-18 09:46:48,573 - Velocimacro : "velocimacro.library" is not set.  Trying default library: VM_global_library.vm
2014-09-18 09:46:48,573 - Velocimacro : Default library not found.
2014-09-18 09:46:48,573 - Velocimacro : allowInline = true : VMs can be defined inline in templates
2014-09-18 09:46:48,573 - Velocimacro : allowInlineToOverride = false : VMs defined inline may NOT replace previous VM definitions
2014-09-18 09:46:48,573 - Velocimacro : allowInlineLocal = false : VMs defined inline will be global in scope if allowed.
2014-09-18 09:46:48,573 - Velocimacro : autoload off : VM system will not automatically reload global library macros
2014-09-18 09:46:48,595 - Null reference [template '', line 1, column 74] : ${yesterday} cannot be resolved.
2014-09-18 09:48:33,295 - Log4JLogChute initialized using file 'velocity.log'
2014-09-18 09:48:33,295 - Starting Apache Velocity v1.5 (compiled: 2007-02-22 08:52:29)
2014-09-18 09:48:33,295 - Default Properties File: org\apache\velocity\runtime\defaults\velocity.properties
2014-09-18 09:48:33,295 - Trying to use logger class org.apache.velocity.runtime.log.AvalonLogChute
2014-09-18 09:48:33,296 - Couldn't find class org.apache.velocity.runtime.log.AvalonLogChute or necessary supporting classes in classpath.
java.lang.NoClassDefFoundError: org/apache/log/format/Formatter
	at java.lang.Class.forName0(Native Method)
	at java.lang.Class.forName(Class.java:266)
	at org.apache.velocity.util.ClassUtils.getClass(ClassUtils.java:63)
	at org.apache.velocity.util.ClassUtils.getNewInstance(ClassUtils.java:95)
	at org.apache.velocity.runtime.log.LogManager.createLogChute(LogManager.java:147)
	at org.apache.velocity.runtime.log.LogManager.updateLog(LogManager.java:208)
	at org.apache.velocity.runtime.RuntimeInstance.initializeLog(RuntimeInstance.java:728)
	at org.apache.velocity.runtime.RuntimeInstance.init(RuntimeInstance.java:240)
	at org.apache.velocity.runtime.RuntimeSingleton.init(RuntimeSingleton.java:113)
	at org.apache.velocity.app.Velocity.init(Velocity.java:83)
	at com.taobao.zeus.jobs.RenderHierarchyProperties.<clinit>(RenderHierarchyProperties.java:29)
Caused by: java.lang.ClassNotFoundException: org.apache.log.format.Formatter
	at java.net.URLClassLoader$1.run(URLClassLoader.java:366)
	at java.net.URLClassLoader$1.run(URLClassLoader.java:355)
	at java.security.AccessController.doPrivileged(Native Method)
	at java.net.URLClassLoader.findClass(URLClassLoader.java:354)
	at java.lang.ClassLoader.loadClass(ClassLoader.java:423)
	at sun.misc.Launcher$AppClassLoader.loadClass(Launcher.java:308)
	at java.lang.ClassLoader.loadClass(ClassLoader.java:356)
	... 11 more
2014-09-18 09:48:33,298 - Trying to use logger class org.apache.velocity.runtime.log.Log4JLogChute
2014-09-18 09:48:33,298 - Using logger class org.apache.velocity.runtime.log.Log4JLogChute
2014-09-18 09:48:33,300 - Default ResourceManager initializing. (class org.apache.velocity.runtime.resource.ResourceManagerImpl)
2014-09-18 09:48:33,303 - ResourceLoader instantiated: org.apache.velocity.runtime.resource.loader.FileResourceLoader
2014-09-18 09:48:33,304 - Do unicode file recognition:  false
2014-09-18 09:48:33,304 - FileResourceLoader : adding path '.'
2014-09-18 09:48:33,318 - ResourceCache: initialized (class org.apache.velocity.runtime.resource.ResourceCacheImpl)
2014-09-18 09:48:33,319 - Loaded System Directive: org.apache.velocity.runtime.directive.Literal
2014-09-18 09:48:33,320 - Loaded System Directive: org.apache.velocity.runtime.directive.Macro
2014-09-18 09:48:33,321 - Loaded System Directive: org.apache.velocity.runtime.directive.Parse
2014-09-18 09:48:33,322 - Loaded System Directive: org.apache.velocity.runtime.directive.Include
2014-09-18 09:48:33,323 - Loaded System Directive: org.apache.velocity.runtime.directive.Foreach
2014-09-18 09:48:33,342 - Created '20' parsers.
2014-09-18 09:48:33,348 - Velocimacro : "velocimacro.library" is not set.  Trying default library: VM_global_library.vm
2014-09-18 09:48:33,348 - Velocimacro : Default library not found.
2014-09-18 09:48:33,348 - Velocimacro : allowInline = true : VMs can be defined inline in templates
2014-09-18 09:48:33,348 - Velocimacro : allowInlineToOverride = false : VMs defined inline may NOT replace previous VM definitions
2014-09-18 09:48:33,348 - Velocimacro : allowInlineLocal = false : VMs defined inline will be global in scope if allowed.
2014-09-18 09:48:33,348 - Velocimacro : autoload off : VM system will not automatically reload global library macros
2014-09-18 09:48:33,368 - Null reference [template '', line 1, column 1] : ${zdt.addDay(-1).format("yyyyMMdd")} cannot be resolved.
2014-09-18 09:49:17,346 - Log4JLogChute initialized using file 'velocity.log'
2014-09-18 09:49:17,347 - Starting Apache Velocity v1.5 (compiled: 2007-02-22 08:52:29)
2014-09-18 09:49:17,347 - Default Properties File: org\apache\velocity\runtime\defaults\velocity.properties
2014-09-18 09:49:17,347 - Trying to use logger class org.apache.velocity.runtime.log.AvalonLogChute
2014-09-18 09:49:17,348 - Couldn't find class org.apache.velocity.runtime.log.AvalonLogChute or necessary supporting classes in classpath.
java.lang.NoClassDefFoundError: org/apache/log/format/Formatter
	at java.lang.Class.forName0(Native Method)
	at java.lang.Class.forName(Class.java:266)
	at org.apache.velocity.util.ClassUtils.getClass(ClassUtils.java:63)
	at org.apache.velocity.util.ClassUtils.getNewInstance(ClassUtils.java:95)
	at org.apache.velocity.runtime.log.LogManager.createLogChute(LogManager.java:147)
	at org.apache.velocity.runtime.log.LogManager.updateLog(LogManager.java:208)
	at org.apache.velocity.runtime.RuntimeInstance.initializeLog(RuntimeInstance.java:728)
	at org.apache.velocity.runtime.RuntimeInstance.init(RuntimeInstance.java:240)
	at org.apache.velocity.runtime.RuntimeSingleton.init(RuntimeSingleton.java:113)
	at org.apache.velocity.app.Velocity.init(Velocity.java:83)
	at com.taobao.zeus.jobs.RenderHierarchyProperties.<clinit>(RenderHierarchyProperties.java:29)
Caused by: java.lang.ClassNotFoundException: org.apache.log.format.Formatter
	at java.net.URLClassLoader$1.run(URLClassLoader.java:366)
	at java.net.URLClassLoader$1.run(URLClassLoader.java:355)
	at java.security.AccessController.doPrivileged(Native Method)
	at java.net.URLClassLoader.findClass(URLClassLoader.java:354)
	at java.lang.ClassLoader.loadClass(ClassLoader.java:423)
	at sun.misc.Launcher$AppClassLoader.loadClass(Launcher.java:308)
	at java.lang.ClassLoader.loadClass(ClassLoader.java:356)
	... 11 more
2014-09-18 09:49:17,350 - Trying to use logger class org.apache.velocity.runtime.log.Log4JLogChute
2014-09-18 09:49:17,350 - Using logger class org.apache.velocity.runtime.log.Log4JLogChute
2014-09-18 09:49:17,351 - Default ResourceManager initializing. (class org.apache.velocity.runtime.resource.ResourceManagerImpl)
2014-09-18 09:49:17,354 - ResourceLoader instantiated: org.apache.velocity.runtime.resource.loader.FileResourceLoader
2014-09-18 09:49:17,356 - Do unicode file recognition:  false
2014-09-18 09:49:17,356 - FileResourceLoader : adding path '.'
2014-09-18 09:49:17,370 - ResourceCache: initialized (class org.apache.velocity.runtime.resource.ResourceCacheImpl)
2014-09-18 09:49:17,371 - Loaded System Directive: org.apache.velocity.runtime.directive.Literal
2014-09-18 09:49:17,372 - Loaded System Directive: org.apache.velocity.runtime.directive.Macro
2014-09-18 09:49:17,373 - Loaded System Directive: org.apache.velocity.runtime.directive.Parse
2014-09-18 09:49:17,374 - Loaded System Directive: org.apache.velocity.runtime.directive.Include
2014-09-18 09:49:17,375 - Loaded System Directive: org.apache.velocity.runtime.directive.Foreach
2014-09-18 09:49:17,394 - Created '20' parsers.
2014-09-18 09:49:17,400 - Velocimacro : "velocimacro.library" is not set.  Trying default library: VM_global_library.vm
2014-09-18 09:49:17,400 - Velocimacro : Default library not found.
2014-09-18 09:49:17,400 - Velocimacro : allowInline = true : VMs can be defined inline in templates
2014-09-18 09:49:17,400 - Velocimacro : allowInlineToOverride = false : VMs defined inline may NOT replace previous VM definitions
2014-09-18 09:49:17,400 - Velocimacro : allowInlineLocal = false : VMs defined inline will be global in scope if allowed.
2014-09-18 09:49:17,400 - Velocimacro : autoload off : VM system will not automatically reload global library macros
2014-09-18 09:49:17,420 - Null reference [template '', line 1, column 1] : ${zdt.addDay(-1).format("yyyyMMdd")} cannot be resolved.
2014-09-18 09:49:31,589 - Log4JLogChute initialized using file 'velocity.log'
2014-09-18 09:49:31,589 - Starting Apache Velocity v1.5 (compiled: 2007-02-22 08:52:29)
2014-09-18 09:49:31,589 - Default Properties File: org\apache\velocity\runtime\defaults\velocity.properties
2014-09-18 09:49:31,589 - Trying to use logger class org.apache.velocity.runtime.log.AvalonLogChute
2014-09-18 09:49:31,590 - Couldn't find class org.apache.velocity.runtime.log.AvalonLogChute or necessary supporting classes in classpath.
java.lang.NoClassDefFoundError: org/apache/log/format/Formatter
	at java.lang.Class.forName0(Native Method)
	at java.lang.Class.forName(Class.java:266)
	at org.apache.velocity.util.ClassUtils.getClass(ClassUtils.java:63)
	at org.apache.velocity.util.ClassUtils.getNewInstance(ClassUtils.java:95)
	at org.apache.velocity.runtime.log.LogManager.createLogChute(LogManager.java:147)
	at org.apache.velocity.runtime.log.LogManager.updateLog(LogManager.java:208)
	at org.apache.velocity.runtime.RuntimeInstance.initializeLog(RuntimeInstance.java:728)
	at org.apache.velocity.runtime.RuntimeInstance.init(RuntimeInstance.java:240)
	at org.apache.velocity.runtime.RuntimeSingleton.init(RuntimeSingleton.java:113)
	at org.apache.velocity.app.Velocity.init(Velocity.java:83)
	at com.taobao.zeus.jobs.RenderHierarchyProperties.<clinit>(RenderHierarchyProperties.java:29)
Caused by: java.lang.ClassNotFoundException: org.apache.log.format.Formatter
	at java.net.URLClassLoader$1.run(URLClassLoader.java:366)
	at java.net.URLClassLoader$1.run(URLClassLoader.java:355)
	at java.security.AccessController.doPrivileged(Native Method)
	at java.net.URLClassLoader.findClass(URLClassLoader.java:354)
	at java.lang.ClassLoader.loadClass(ClassLoader.java:423)
	at sun.misc.Launcher$AppClassLoader.loadClass(Launcher.java:308)
	at java.lang.ClassLoader.loadClass(ClassLoader.java:356)
	... 11 more
2014-09-18 09:49:31,593 - Trying to use logger class org.apache.velocity.runtime.log.Log4JLogChute
2014-09-18 09:49:31,593 - Using logger class org.apache.velocity.runtime.log.Log4JLogChute
2014-09-18 09:49:31,595 - Default ResourceManager initializing. (class org.apache.velocity.runtime.resource.ResourceManagerImpl)
2014-09-18 09:49:31,598 - ResourceLoader instantiated: org.apache.velocity.runtime.resource.loader.FileResourceLoader
2014-09-18 09:49:31,599 - Do unicode file recognition:  false
2014-09-18 09:49:31,600 - FileResourceLoader : adding path '.'
2014-09-18 09:49:31,614 - ResourceCache: initialized (class org.apache.velocity.runtime.resource.ResourceCacheImpl)
2014-09-18 09:49:31,615 - Loaded System Directive: org.apache.velocity.runtime.directive.Literal
2014-09-18 09:49:31,617 - Loaded System Directive: org.apache.velocity.runtime.directive.Macro
2014-09-18 09:49:31,618 - Loaded System Directive: org.apache.velocity.runtime.directive.Parse
2014-09-18 09:49:31,619 - Loaded System Directive: org.apache.velocity.runtime.directive.Include
2014-09-18 09:49:31,620 - Loaded System Directive: org.apache.velocity.runtime.directive.Foreach
2014-09-18 09:49:31,640 - Created '20' parsers.
2014-09-18 09:49:31,646 - Velocimacro : "velocimacro.library" is not set.  Trying default library: VM_global_library.vm
2014-09-18 09:49:31,647 - Velocimacro : Default library not found.
2014-09-18 09:49:31,647 - Velocimacro : allowInline = true : VMs can be defined inline in templates
2014-09-18 09:49:31,647 - Velocimacro : allowInlineToOverride = false : VMs defined inline may NOT replace previous VM definitions
2014-09-18 09:49:31,647 - Velocimacro : allowInlineLocal = false : VMs defined inline will be global in scope if allowed.
2014-09-18 09:49:31,647 - Velocimacro : autoload off : VM system will not automatically reload global library macros
2014-09-18 09:50:32,377 - Null reference [template '', line 1, column 1] : ${zdt.addDay(-1).format("yyyyMMdd")} cannot be resolved.
2014-09-18 09:52:35,761 - Log4JLogChute initialized using file 'velocity.log'
2014-09-18 09:52:35,762 - Starting Apache Velocity v1.5 (compiled: 2007-02-22 08:52:29)
2014-09-18 09:52:35,762 - Default Properties File: org\apache\velocity\runtime\defaults\velocity.properties
2014-09-18 09:52:35,762 - Trying to use logger class org.apache.velocity.runtime.log.AvalonLogChute
2014-09-18 09:52:35,762 - Couldn't find class org.apache.velocity.runtime.log.AvalonLogChute or necessary supporting classes in classpath.
java.lang.NoClassDefFoundError: org/apache/log/format/Formatter
	at java.lang.Class.forName0(Native Method)
	at java.lang.Class.forName(Class.java:266)
	at org.apache.velocity.util.ClassUtils.getClass(ClassUtils.java:63)
	at org.apache.velocity.util.ClassUtils.getNewInstance(ClassUtils.java:95)
	at org.apache.velocity.runtime.log.LogManager.createLogChute(LogManager.java:147)
	at org.apache.velocity.runtime.log.LogManager.updateLog(LogManager.java:208)
	at org.apache.velocity.runtime.RuntimeInstance.initializeLog(RuntimeInstance.java:728)
	at org.apache.velocity.runtime.RuntimeInstance.init(RuntimeInstance.java:240)
	at org.apache.velocity.runtime.RuntimeSingleton.init(RuntimeSingleton.java:113)
	at org.apache.velocity.app.Velocity.init(Velocity.java:83)
	at com.taobao.zeus.jobs.RenderHierarchyProperties.<clinit>(RenderHierarchyProperties.java:29)
Caused by: java.lang.ClassNotFoundException: org.apache.log.format.Formatter
	at java.net.URLClassLoader$1.run(URLClassLoader.java:366)
	at java.net.URLClassLoader$1.run(URLClassLoader.java:355)
	at java.security.AccessController.doPrivileged(Native Method)
	at java.net.URLClassLoader.findClass(URLClassLoader.java:354)
	at java.lang.ClassLoader.loadClass(ClassLoader.java:423)
	at sun.misc.Launcher$AppClassLoader.loadClass(Launcher.java:308)
	at java.lang.ClassLoader.loadClass(ClassLoader.java:356)
	... 11 more
2014-09-18 09:52:35,764 - Trying to use logger class org.apache.velocity.runtime.log.Log4JLogChute
2014-09-18 09:52:35,764 - Using logger class org.apache.velocity.runtime.log.Log4JLogChute
2014-09-18 09:52:35,766 - Default ResourceManager initializing. (class org.apache.velocity.runtime.resource.ResourceManagerImpl)
2014-09-18 09:52:35,769 - ResourceLoader instantiated: org.apache.velocity.runtime.resource.loader.FileResourceLoader
2014-09-18 09:52:35,770 - Do unicode file recognition:  false
2014-09-18 09:52:35,770 - FileResourceLoader : adding path '.'
2014-09-18 09:52:35,783 - ResourceCache: initialized (class org.apache.velocity.runtime.resource.ResourceCacheImpl)
2014-09-18 09:52:35,785 - Loaded System Directive: org.apache.velocity.runtime.directive.Literal
2014-09-18 09:52:35,786 - Loaded System Directive: org.apache.velocity.runtime.directive.Macro
2014-09-18 09:52:35,787 - Loaded System Directive: org.apache.velocity.runtime.directive.Parse
2014-09-18 09:52:35,788 - Loaded System Directive: org.apache.velocity.runtime.directive.Include
2014-09-18 09:52:35,788 - Loaded System Directive: org.apache.velocity.runtime.directive.Foreach
2014-09-18 09:52:35,807 - Created '20' parsers.
2014-09-18 09:52:35,813 - Velocimacro : "velocimacro.library" is not set.  Trying default library: VM_global_library.vm
2014-09-18 09:52:35,813 - Velocimacro : Default library not found.
2014-09-18 09:52:35,814 - Velocimacro : allowInline = true : VMs can be defined inline in templates
2014-09-18 09:52:35,814 - Velocimacro : allowInlineToOverride = false : VMs defined inline may NOT replace previous VM definitions
2014-09-18 09:52:35,814 - Velocimacro : allowInlineLocal = false : VMs defined inline will be global in scope if allowed.
2014-09-18 09:52:35,814 - Velocimacro : autoload off : VM system will not automatically reload global library macros
2014-09-18 09:52:35,834 - Null reference [template '', line 1, column 1] : ${zdt.addDay(-1).format("yyyyMMdd")} cannot be resolved.
2014-09-18 09:52:44,756 - Log4JLogChute initialized using file 'velocity.log'
2014-09-18 09:52:44,756 - Starting Apache Velocity v1.5 (compiled: 2007-02-22 08:52:29)
2014-09-18 09:52:44,756 - Default Properties File: org\apache\velocity\runtime\defaults\velocity.properties
2014-09-18 09:52:44,756 - Trying to use logger class org.apache.velocity.runtime.log.AvalonLogChute
2014-09-18 09:52:44,757 - Couldn't find class org.apache.velocity.runtime.log.AvalonLogChute or necessary supporting classes in classpath.
java.lang.NoClassDefFoundError: org/apache/log/format/Formatter
	at java.lang.Class.forName0(Native Method)
	at java.lang.Class.forName(Class.java:266)
	at org.apache.velocity.util.ClassUtils.getClass(ClassUtils.java:63)
	at org.apache.velocity.util.ClassUtils.getNewInstance(ClassUtils.java:95)
	at org.apache.velocity.runtime.log.LogManager.createLogChute(LogManager.java:147)
	at org.apache.velocity.runtime.log.LogManager.updateLog(LogManager.java:208)
	at org.apache.velocity.runtime.RuntimeInstance.initializeLog(RuntimeInstance.java:728)
	at org.apache.velocity.runtime.RuntimeInstance.init(RuntimeInstance.java:240)
	at org.apache.velocity.runtime.RuntimeSingleton.init(RuntimeSingleton.java:113)
	at org.apache.velocity.app.Velocity.init(Velocity.java:83)
	at com.taobao.zeus.jobs.RenderHierarchyProperties.<clinit>(RenderHierarchyProperties.java:29)
Caused by: java.lang.ClassNotFoundException: org.apache.log.format.Formatter
	at java.net.URLClassLoader$1.run(URLClassLoader.java:366)
	at java.net.URLClassLoader$1.run(URLClassLoader.java:355)
	at java.security.AccessController.doPrivileged(Native Method)
	at java.net.URLClassLoader.findClass(URLClassLoader.java:354)
	at java.lang.ClassLoader.loadClass(ClassLoader.java:423)
	at sun.misc.Launcher$AppClassLoader.loadClass(Launcher.java:308)
	at java.lang.ClassLoader.loadClass(ClassLoader.java:356)
	... 11 more
2014-09-18 09:52:44,759 - Trying to use logger class org.apache.velocity.runtime.log.Log4JLogChute
2014-09-18 09:52:44,759 - Using logger class org.apache.velocity.runtime.log.Log4JLogChute
2014-09-18 09:52:44,760 - Default ResourceManager initializing. (class org.apache.velocity.runtime.resource.ResourceManagerImpl)
2014-09-18 09:52:44,763 - ResourceLoader instantiated: org.apache.velocity.runtime.resource.loader.FileResourceLoader
2014-09-18 09:52:44,765 - Do unicode file recognition:  false
2014-09-18 09:52:44,765 - FileResourceLoader : adding path '.'
2014-09-18 09:52:44,778 - ResourceCache: initialized (class org.apache.velocity.runtime.resource.ResourceCacheImpl)
2014-09-18 09:52:44,779 - Loaded System Directive: org.apache.velocity.runtime.directive.Literal
2014-09-18 09:52:44,781 - Loaded System Directive: org.apache.velocity.runtime.directive.Macro
2014-09-18 09:52:44,782 - Loaded System Directive: org.apache.velocity.runtime.directive.Parse
2014-09-18 09:52:44,783 - Loaded System Directive: org.apache.velocity.runtime.directive.Include
2014-09-18 09:52:44,784 - Loaded System Directive: org.apache.velocity.runtime.directive.Foreach
2014-09-18 09:52:44,802 - Created '20' parsers.
2014-09-18 09:52:44,808 - Velocimacro : "velocimacro.library" is not set.  Trying default library: VM_global_library.vm
2014-09-18 09:52:44,808 - Velocimacro : Default library not found.
2014-09-18 09:52:44,808 - Velocimacro : allowInline = true : VMs can be defined inline in templates
2014-09-18 09:52:44,808 - Velocimacro : allowInlineToOverride = false : VMs defined inline may NOT replace previous VM definitions
2014-09-18 09:52:44,809 - Velocimacro : allowInlineLocal = false : VMs defined inline will be global in scope if allowed.
2014-09-18 09:52:44,809 - Velocimacro : autoload off : VM system will not automatically reload global library macros
2014-09-18 09:53:05,744 - Log4JLogChute initialized using file 'velocity.log'
2014-09-18 09:53:05,744 - Starting Apache Velocity v1.5 (compiled: 2007-02-22 08:52:29)
2014-09-18 09:53:05,744 - Default Properties File: org\apache\velocity\runtime\defaults\velocity.properties
2014-09-18 09:53:05,744 - Trying to use logger class org.apache.velocity.runtime.log.AvalonLogChute
2014-09-18 09:53:05,745 - Couldn't find class org.apache.velocity.runtime.log.AvalonLogChute or necessary supporting classes in classpath.
java.lang.NoClassDefFoundError: org/apache/log/format/Formatter
	at java.lang.Class.forName0(Native Method)
	at java.lang.Class.forName(Class.java:266)
	at org.apache.velocity.util.ClassUtils.getClass(ClassUtils.java:63)
	at org.apache.velocity.util.ClassUtils.getNewInstance(ClassUtils.java:95)
	at org.apache.velocity.runtime.log.LogManager.createLogChute(LogManager.java:147)
	at org.apache.velocity.runtime.log.LogManager.updateLog(LogManager.java:208)
	at org.apache.velocity.runtime.RuntimeInstance.initializeLog(RuntimeInstance.java:728)
	at org.apache.velocity.runtime.RuntimeInstance.init(RuntimeInstance.java:240)
	at org.apache.velocity.runtime.RuntimeSingleton.init(RuntimeSingleton.java:113)
	at org.apache.velocity.app.Velocity.init(Velocity.java:83)
	at com.taobao.zeus.jobs.RenderHierarchyProperties.<clinit>(RenderHierarchyProperties.java:29)
Caused by: java.lang.ClassNotFoundException: org.apache.log.format.Formatter
	at java.net.URLClassLoader$1.run(URLClassLoader.java:366)
	at java.net.URLClassLoader$1.run(URLClassLoader.java:355)
	at java.security.AccessController.doPrivileged(Native Method)
	at java.net.URLClassLoader.findClass(URLClassLoader.java:354)
	at java.lang.ClassLoader.loadClass(ClassLoader.java:423)
	at sun.misc.Launcher$AppClassLoader.loadClass(Launcher.java:308)
	at java.lang.ClassLoader.loadClass(ClassLoader.java:356)
	... 11 more
2014-09-18 09:53:05,747 - Trying to use logger class org.apache.velocity.runtime.log.Log4JLogChute
2014-09-18 09:53:05,747 - Using logger class org.apache.velocity.runtime.log.Log4JLogChute
2014-09-18 09:53:05,749 - Default ResourceManager initializing. (class org.apache.velocity.runtime.resource.ResourceManagerImpl)
2014-09-18 09:53:05,752 - ResourceLoader instantiated: org.apache.velocity.runtime.resource.loader.FileResourceLoader
2014-09-18 09:53:05,753 - Do unicode file recognition:  false
2014-09-18 09:53:05,753 - FileResourceLoader : adding path '.'
2014-09-18 09:53:05,767 - ResourceCache: initialized (class org.apache.velocity.runtime.resource.ResourceCacheImpl)
2014-09-18 09:53:05,768 - Loaded System Directive: org.apache.velocity.runtime.directive.Literal
2014-09-18 09:53:05,769 - Loaded System Directive: org.apache.velocity.runtime.directive.Macro
2014-09-18 09:53:05,770 - Loaded System Directive: org.apache.velocity.runtime.directive.Parse
2014-09-18 09:53:05,771 - Loaded System Directive: org.apache.velocity.runtime.directive.Include
2014-09-18 09:53:05,772 - Loaded System Directive: org.apache.velocity.runtime.directive.Foreach
2014-09-18 09:53:05,791 - Created '20' parsers.
2014-09-18 09:53:05,797 - Velocimacro : "velocimacro.library" is not set.  Trying default library: VM_global_library.vm
2014-09-18 09:53:05,797 - Velocimacro : Default library not found.
2014-09-18 09:53:05,797 - Velocimacro : allowInline = true : VMs can be defined inline in templates
2014-09-18 09:53:05,797 - Velocimacro : allowInlineToOverride = false : VMs defined inline may NOT replace previous VM definitions
2014-09-18 09:53:05,797 - Velocimacro : allowInlineLocal = false : VMs defined inline will be global in scope if allowed.
2014-09-18 09:53:05,797 - Velocimacro : autoload off : VM system will not automatically reload global library macros
2014-09-18 09:53:05,819 - Null reference [template '', line 1, column 74] : ${yesterday} cannot be resolved.
2014-09-18 09:55:10,929 - Log4JLogChute initialized using file 'velocity.log'
2014-09-18 09:55:10,929 - Starting Apache Velocity v1.5 (compiled: 2007-02-22 08:52:29)
2014-09-18 09:55:10,929 - Default Properties File: org\apache\velocity\runtime\defaults\velocity.properties
2014-09-18 09:55:10,929 - Trying to use logger class org.apache.velocity.runtime.log.AvalonLogChute
2014-09-18 09:55:10,930 - Couldn't find class org.apache.velocity.runtime.log.AvalonLogChute or necessary supporting classes in classpath.
java.lang.NoClassDefFoundError: org/apache/log/format/Formatter
	at java.lang.Class.forName0(Native Method)
	at java.lang.Class.forName(Class.java:266)
	at org.apache.velocity.util.ClassUtils.getClass(ClassUtils.java:63)
	at org.apache.velocity.util.ClassUtils.getNewInstance(ClassUtils.java:95)
	at org.apache.velocity.runtime.log.LogManager.createLogChute(LogManager.java:147)
	at org.apache.velocity.runtime.log.LogManager.updateLog(LogManager.java:208)
	at org.apache.velocity.runtime.RuntimeInstance.initializeLog(RuntimeInstance.java:728)
	at org.apache.velocity.runtime.RuntimeInstance.init(RuntimeInstance.java:240)
	at org.apache.velocity.runtime.RuntimeSingleton.init(RuntimeSingleton.java:113)
	at org.apache.velocity.app.Velocity.init(Velocity.java:83)
	at com.taobao.zeus.jobs.RenderHierarchyProperties.<clinit>(RenderHierarchyProperties.java:29)
Caused by: java.lang.ClassNotFoundException: org.apache.log.format.Formatter
	at java.net.URLClassLoader$1.run(URLClassLoader.java:366)
	at java.net.URLClassLoader$1.run(URLClassLoader.java:355)
	at java.security.AccessController.doPrivileged(Native Method)
	at java.net.URLClassLoader.findClass(URLClassLoader.java:354)
	at java.lang.ClassLoader.loadClass(ClassLoader.java:423)
	at sun.misc.Launcher$AppClassLoader.loadClass(Launcher.java:308)
	at java.lang.ClassLoader.loadClass(ClassLoader.java:356)
	... 11 more
2014-09-18 09:55:10,932 - Trying to use logger class org.apache.velocity.runtime.log.Log4JLogChute
2014-09-18 09:55:10,932 - Using logger class org.apache.velocity.runtime.log.Log4JLogChute
2014-09-18 09:55:10,934 - Default ResourceManager initializing. (class org.apache.velocity.runtime.resource.ResourceManagerImpl)
2014-09-18 09:55:10,936 - ResourceLoader instantiated: org.apache.velocity.runtime.resource.loader.FileResourceLoader
2014-09-18 09:55:10,938 - Do unicode file recognition:  false
2014-09-18 09:55:10,938 - FileResourceLoader : adding path '.'
2014-09-18 09:55:10,951 - ResourceCache: initialized (class org.apache.velocity.runtime.resource.ResourceCacheImpl)
2014-09-18 09:55:10,952 - Loaded System Directive: org.apache.velocity.runtime.directive.Literal
2014-09-18 09:55:10,953 - Loaded System Directive: org.apache.velocity.runtime.directive.Macro
2014-09-18 09:55:10,954 - Loaded System Directive: org.apache.velocity.runtime.directive.Parse
2014-09-18 09:55:10,955 - Loaded System Directive: org.apache.velocity.runtime.directive.Include
2014-09-18 09:55:10,956 - Loaded System Directive: org.apache.velocity.runtime.directive.Foreach
2014-09-18 09:55:10,975 - Created '20' parsers.
2014-09-18 09:55:10,981 - Velocimacro : "velocimacro.library" is not set.  Trying default library: VM_global_library.vm
2014-09-18 09:55:10,981 - Velocimacro : Default library not found.
2014-09-18 09:55:10,981 - Velocimacro : allowInline = true : VMs can be defined inline in templates
2014-09-18 09:55:10,981 - Velocimacro : allowInlineToOverride = false : VMs defined inline may NOT replace previous VM definitions
2014-09-18 09:55:10,981 - Velocimacro : allowInlineLocal = false : VMs defined inline will be global in scope if allowed.
2014-09-18 09:55:10,981 - Velocimacro : autoload off : VM system will not automatically reload global library macros
2014-09-18 09:55:29,250 - Log4JLogChute initialized using file 'velocity.log'
2014-09-18 09:55:29,250 - Starting Apache Velocity v1.5 (compiled: 2007-02-22 08:52:29)
2014-09-18 09:55:29,250 - Default Properties File: org\apache\velocity\runtime\defaults\velocity.properties
2014-09-18 09:55:29,250 - Trying to use logger class org.apache.velocity.runtime.log.AvalonLogChute
2014-09-18 09:55:29,251 - Couldn't find class org.apache.velocity.runtime.log.AvalonLogChute or necessary supporting classes in classpath.
java.lang.NoClassDefFoundError: org/apache/log/format/Formatter
	at java.lang.Class.forName0(Native Method)
	at java.lang.Class.forName(Class.java:266)
	at org.apache.velocity.util.ClassUtils.getClass(ClassUtils.java:63)
	at org.apache.velocity.util.ClassUtils.getNewInstance(ClassUtils.java:95)
	at org.apache.velocity.runtime.log.LogManager.createLogChute(LogManager.java:147)
	at org.apache.velocity.runtime.log.LogManager.updateLog(LogManager.java:208)
	at org.apache.velocity.runtime.RuntimeInstance.initializeLog(RuntimeInstance.java:728)
	at org.apache.velocity.runtime.RuntimeInstance.init(RuntimeInstance.java:240)
	at org.apache.velocity.runtime.RuntimeSingleton.init(RuntimeSingleton.java:113)
	at org.apache.velocity.app.Velocity.init(Velocity.java:83)
	at com.taobao.zeus.jobs.RenderHierarchyProperties.<clinit>(RenderHierarchyProperties.java:29)
Caused by: java.lang.ClassNotFoundException: org.apache.log.format.Formatter
	at java.net.URLClassLoader$1.run(URLClassLoader.java:366)
	at java.net.URLClassLoader$1.run(URLClassLoader.java:355)
	at java.security.AccessController.doPrivileged(Native Method)
	at java.net.URLClassLoader.findClass(URLClassLoader.java:354)
	at java.lang.ClassLoader.loadClass(ClassLoader.java:423)
	at sun.misc.Launcher$AppClassLoader.loadClass(Launcher.java:308)
	at java.lang.ClassLoader.loadClass(ClassLoader.java:356)
	... 11 more
2014-09-18 09:55:29,253 - Trying to use logger class org.apache.velocity.runtime.log.Log4JLogChute
2014-09-18 09:55:29,253 - Using logger class org.apache.velocity.runtime.log.Log4JLogChute
2014-09-18 09:55:29,254 - Default ResourceManager initializing. (class org.apache.velocity.runtime.resource.ResourceManagerImpl)
2014-09-18 09:55:29,257 - ResourceLoader instantiated: org.apache.velocity.runtime.resource.loader.FileResourceLoader
2014-09-18 09:55:29,259 - Do unicode file recognition:  false
2014-09-18 09:55:29,259 - FileResourceLoader : adding path '.'
2014-09-18 09:55:29,272 - ResourceCache: initialized (class org.apache.velocity.runtime.resource.ResourceCacheImpl)
2014-09-18 09:55:29,274 - Loaded System Directive: org.apache.velocity.runtime.directive.Literal
2014-09-18 09:55:29,275 - Loaded System Directive: org.apache.velocity.runtime.directive.Macro
2014-09-18 09:55:29,276 - Loaded System Directive: org.apache.velocity.runtime.directive.Parse
2014-09-18 09:55:29,277 - Loaded System Directive: org.apache.velocity.runtime.directive.Include
2014-09-18 09:55:29,278 - Loaded System Directive: org.apache.velocity.runtime.directive.Foreach
2014-09-18 09:55:29,296 - Created '20' parsers.
2014-09-18 09:55:29,302 - Velocimacro : "velocimacro.library" is not set.  Trying default library: VM_global_library.vm
2014-09-18 09:55:29,302 - Velocimacro : Default library not found.
2014-09-18 09:55:29,302 - Velocimacro : allowInline = true : VMs can be defined inline in templates
2014-09-18 09:55:29,302 - Velocimacro : allowInlineToOverride = false : VMs defined inline may NOT replace previous VM definitions
2014-09-18 09:55:29,302 - Velocimacro : allowInlineLocal = false : VMs defined inline will be global in scope if allowed.
2014-09-18 09:55:29,303 - Velocimacro : autoload off : VM system will not automatically reload global library macros
2014-09-18 09:56:30,356 - Log4JLogChute initialized using file 'velocity.log'
2014-09-18 09:56:30,356 - Starting Apache Velocity v1.5 (compiled: 2007-02-22 08:52:29)
2014-09-18 09:56:30,356 - Default Properties File: org\apache\velocity\runtime\defaults\velocity.properties
2014-09-18 09:56:30,357 - Trying to use logger class org.apache.velocity.runtime.log.AvalonLogChute
2014-09-18 09:56:30,357 - Couldn't find class org.apache.velocity.runtime.log.AvalonLogChute or necessary supporting classes in classpath.
java.lang.NoClassDefFoundError: org/apache/log/format/Formatter
	at java.lang.Class.forName0(Native Method)
	at java.lang.Class.forName(Class.java:266)
	at org.apache.velocity.util.ClassUtils.getClass(ClassUtils.java:63)
	at org.apache.velocity.util.ClassUtils.getNewInstance(ClassUtils.java:95)
	at org.apache.velocity.runtime.log.LogManager.createLogChute(LogManager.java:147)
	at org.apache.velocity.runtime.log.LogManager.updateLog(LogManager.java:208)
	at org.apache.velocity.runtime.RuntimeInstance.initializeLog(RuntimeInstance.java:728)
	at org.apache.velocity.runtime.RuntimeInstance.init(RuntimeInstance.java:240)
	at org.apache.velocity.runtime.RuntimeSingleton.init(RuntimeSingleton.java:113)
	at org.apache.velocity.app.Velocity.init(Velocity.java:83)
	at com.taobao.zeus.jobs.RenderHierarchyProperties.<clinit>(RenderHierarchyProperties.java:29)
Caused by: java.lang.ClassNotFoundException: org.apache.log.format.Formatter
	at java.net.URLClassLoader$1.run(URLClassLoader.java:366)
	at java.net.URLClassLoader$1.run(URLClassLoader.java:355)
	at java.security.AccessController.doPrivileged(Native Method)
	at java.net.URLClassLoader.findClass(URLClassLoader.java:354)
	at java.lang.ClassLoader.loadClass(ClassLoader.java:423)
	at sun.misc.Launcher$AppClassLoader.loadClass(Launcher.java:308)
	at java.lang.ClassLoader.loadClass(ClassLoader.java:356)
	... 11 more
2014-09-18 09:56:30,359 - Trying to use logger class org.apache.velocity.runtime.log.Log4JLogChute
2014-09-18 09:56:30,359 - Using logger class org.apache.velocity.runtime.log.Log4JLogChute
2014-09-18 09:56:30,361 - Default ResourceManager initializing. (class org.apache.velocity.runtime.resource.ResourceManagerImpl)
2014-09-18 09:56:30,364 - ResourceLoader instantiated: org.apache.velocity.runtime.resource.loader.FileResourceLoader
2014-09-18 09:56:30,365 - Do unicode file recognition:  false
2014-09-18 09:56:30,365 - FileResourceLoader : adding path '.'
2014-09-18 09:56:30,379 - ResourceCache: initialized (class org.apache.velocity.runtime.resource.ResourceCacheImpl)
2014-09-18 09:56:30,380 - Loaded System Directive: org.apache.velocity.runtime.directive.Literal
2014-09-18 09:56:30,381 - Loaded System Directive: org.apache.velocity.runtime.directive.Macro
2014-09-18 09:56:30,382 - Loaded System Directive: org.apache.velocity.runtime.directive.Parse
2014-09-18 09:56:30,383 - Loaded System Directive: org.apache.velocity.runtime.directive.Include
2014-09-18 09:56:30,384 - Loaded System Directive: org.apache.velocity.runtime.directive.Foreach
2014-09-18 09:56:30,405 - Created '20' parsers.
2014-09-18 09:56:30,411 - Velocimacro : "velocimacro.library" is not set.  Trying default library: VM_global_library.vm
2014-09-18 09:56:30,411 - Velocimacro : Default library not found.
2014-09-18 09:56:30,411 - Velocimacro : allowInline = true : VMs can be defined inline in templates
2014-09-18 09:56:30,411 - Velocimacro : allowInlineToOverride = false : VMs defined inline may NOT replace previous VM definitions
2014-09-18 09:56:30,411 - Velocimacro : allowInlineLocal = false : VMs defined inline will be global in scope if allowed.
2014-09-18 09:56:30,411 - Velocimacro : autoload off : VM system will not automatically reload global library macros
2014-09-18 09:56:42,418 - Log4JLogChute initialized using file 'velocity.log'
2014-09-18 09:56:42,418 - Starting Apache Velocity v1.5 (compiled: 2007-02-22 08:52:29)
2014-09-18 09:56:42,418 - Default Properties File: org\apache\velocity\runtime\defaults\velocity.properties
2014-09-18 09:56:42,418 - Trying to use logger class org.apache.velocity.runtime.log.AvalonLogChute
2014-09-18 09:56:42,419 - Couldn't find class org.apache.velocity.runtime.log.AvalonLogChute or necessary supporting classes in classpath.
java.lang.NoClassDefFoundError: org/apache/log/format/Formatter
	at java.lang.Class.forName0(Native Method)
	at java.lang.Class.forName(Class.java:266)
	at org.apache.velocity.util.ClassUtils.getClass(ClassUtils.java:63)
	at org.apache.velocity.util.ClassUtils.getNewInstance(ClassUtils.java:95)
	at org.apache.velocity.runtime.log.LogManager.createLogChute(LogManager.java:147)
	at org.apache.velocity.runtime.log.LogManager.updateLog(LogManager.java:208)
	at org.apache.velocity.runtime.RuntimeInstance.initializeLog(RuntimeInstance.java:728)
	at org.apache.velocity.runtime.RuntimeInstance.init(RuntimeInstance.java:240)
	at org.apache.velocity.runtime.RuntimeSingleton.init(RuntimeSingleton.java:113)
	at org.apache.velocity.app.Velocity.init(Velocity.java:83)
	at com.taobao.zeus.jobs.RenderHierarchyProperties.<clinit>(RenderHierarchyProperties.java:29)
Caused by: java.lang.ClassNotFoundException: org.apache.log.format.Formatter
	at java.net.URLClassLoader$1.run(URLClassLoader.java:366)
	at java.net.URLClassLoader$1.run(URLClassLoader.java:355)
	at java.security.AccessController.doPrivileged(Native Method)
	at java.net.URLClassLoader.findClass(URLClassLoader.java:354)
	at java.lang.ClassLoader.loadClass(ClassLoader.java:423)
	at sun.misc.Launcher$AppClassLoader.loadClass(Launcher.java:308)
	at java.lang.ClassLoader.loadClass(ClassLoader.java:356)
	... 11 more
2014-09-18 09:56:42,421 - Trying to use logger class org.apache.velocity.runtime.log.Log4JLogChute
2014-09-18 09:56:42,421 - Using logger class org.apache.velocity.runtime.log.Log4JLogChute
2014-09-18 09:56:42,423 - Default ResourceManager initializing. (class org.apache.velocity.runtime.resource.ResourceManagerImpl)
2014-09-18 09:56:42,425 - ResourceLoader instantiated: org.apache.velocity.runtime.resource.loader.FileResourceLoader
2014-09-18 09:56:42,427 - Do unicode file recognition:  false
2014-09-18 09:56:42,427 - FileResourceLoader : adding path '.'
2014-09-18 09:56:42,440 - ResourceCache: initialized (class org.apache.velocity.runtime.resource.ResourceCacheImpl)
2014-09-18 09:56:42,442 - Loaded System Directive: org.apache.velocity.runtime.directive.Literal
2014-09-18 09:56:42,443 - Loaded System Directive: org.apache.velocity.runtime.directive.Macro
2014-09-18 09:56:42,444 - Loaded System Directive: org.apache.velocity.runtime.directive.Parse
2014-09-18 09:56:42,445 - Loaded System Directive: org.apache.velocity.runtime.directive.Include
2014-09-18 09:56:42,446 - Loaded System Directive: org.apache.velocity.runtime.directive.Foreach
2014-09-18 09:56:42,466 - Created '20' parsers.
2014-09-18 09:56:42,472 - Velocimacro : "velocimacro.library" is not set.  Trying default library: VM_global_library.vm
2014-09-18 09:56:42,472 - Velocimacro : Default library not found.
2014-09-18 09:56:42,472 - Velocimacro : allowInline = true : VMs can be defined inline in templates
2014-09-18 09:56:42,472 - Velocimacro : allowInlineToOverride = false : VMs defined inline may NOT replace previous VM definitions
2014-09-18 09:56:42,472 - Velocimacro : allowInlineLocal = false : VMs defined inline will be global in scope if allowed.
2014-09-18 09:56:42,472 - Velocimacro : autoload off : VM system will not automatically reload global library macros
